9.5
Max time: 32
Max memory: 83
test01: Accepted. Time: 0.032s
test02: Accepted. Time: 0.027s
test03: Accepted. Time: 0.025s
test04: Accepted. Time: 0.025s
test05: Accepted. Time: 0.027s
test06: Accepted. Time: 0.025s
test07: Accepted. Time: 0.023s
test08: Accepted. Time: 0.024s
test09: Accepted. Time: 0.025s
test10: Accepted. Time: 0.023s
test11: Accepted. Time: 0.022s
test12: Accepted. Time: 0.024s
test13: Accepted. Time: 0.023s
test14: Accepted. Time: 0.022s
test15: Accepted. Time: 0.021s
test16: Accepted. Time: 0.022s
test17: Accepted. Time: 0.021s
test18: Accepted. Time: 0.022s
test19: Accepted. Time: 0.024s
test20: Wrong Answer. Time: 0.022s
