9.5
Max time: 385
Max memory: 131
test01: Accepted. Time: 0.384s
test02: Accepted. Time: 0.025s
test03: Accepted. Time: 0.026s
test04: Accepted. Time: 0.025s
test05: Accepted. Time: 0.029s
test06: Accepted. Time: 0.025s
test07: Accepted. Time: 0.024s
test08: Accepted. Time: 0.025s
test09: Accepted. Time: 0.025s
test10: Accepted. Time: 0.026s
test11: Accepted. Time: 0.025s
test12: Accepted. Time: 0.026s
test13: Accepted. Time: 0.025s
test14: Accepted. Time: 0.025s
test15: Accepted. Time: 0.025s
test16: Accepted. Time: 0.025s
test17: Accepted. Time: 0.025s
test18: Accepted. Time: 0.025s
test19: Accepted. Time: 0.026s
test20: Wrong Answer. Time: 0.026s
