9.5
Max time: 34
Max memory: 77
test01: Accepted. Time: 0.03s
test02: Accepted. Time: 0.028s
test03: Accepted. Time: 0.024s
test04: Accepted. Time: 0.025s
test05: Accepted. Time: 0.026s
test06: Accepted. Time: 0.025s
test07: Accepted. Time: 0.025s
test08: Accepted. Time: 0.034s
test09: Accepted. Time: 0.026s
test10: Accepted. Time: 0.023s
test11: Accepted. Time: 0.024s
test12: Accepted. Time: 0.023s
test13: Accepted. Time: 0.022s
test14: Accepted. Time: 0.022s
test15: Accepted. Time: 0.022s
test16: Accepted. Time: 0.022s
test17: Accepted. Time: 0.022s
test18: Accepted. Time: 0.023s
test19: Accepted. Time: 0.022s
test20: Wrong Answer. Time: 0.022s
