2.5
Max time: 26
Max memory: 132
test01: Wrong Answer. Time: 0.026s
test02: Accepted. Time: 0.023s
test03: Wrong Answer. Time: 0.023s
test04: Accepted. Time: 0.023s
test05: Accepted. Time: 0.024s
test06: Wrong Answer. Time: 0.023s
test07: Wrong Answer. Time: 0.022s
test08: Accepted. Time: 0.022s
test09: Wrong Answer. Time: 0.022s
test10: Wrong Answer. Time: 0.022s
test11: Wrong Answer. Time: 0.022s
test12: Wrong Answer. Time: 0.022s
test13: Wrong Answer. Time: 0.021s
test14: Wrong Answer. Time: 0.023s
test15: Accepted. Time: 0.021s
test16: Wrong Answer. Time: 0.022s
test17: Wrong Answer. Time: 0.022s
test18: Wrong Answer. Time: 0.022s
test19: Wrong Answer. Time: 0.023s
test20: Wrong Answer. Time: 0.022s
