3.0
Max time: 35
Max memory: 132
test01: Wrong Answer. Time: 0.035s
test02: Accepted. Time: 0.027s
test03: Wrong Answer. Time: 0.03s
test04: Accepted. Time: 0.028s
test05: Accepted. Time: 0.028s
test06: Wrong Answer. Time: 0.026s
test07: Wrong Answer. Time: 0.027s
test08: Accepted. Time: 0.026s
test09: Wrong Answer. Time: 0.026s
test10: Wrong Answer. Time: 0.026s
test11: Accepted. Time: 0.027s
test12: Wrong Answer. Time: 0.025s
test13: Wrong Answer. Time: 0.027s
test14: Wrong Answer. Time: 0.026s
test15: Accepted. Time: 0.027s
test16: Wrong Answer. Time: 0.028s
test17: Wrong Answer. Time: 0.028s
test18: Wrong Answer. Time: 0.027s
test19: Wrong Answer. Time: 0.025s
test20: Wrong Answer. Time: 0.03s
