5.5
Max time: 106
Max memory: 83
test01: Wrong Answer. Time: 0.065s
test02: Accepted. Time: 0.085s
test03: Accepted. Time: 0.094s
test04: Accepted. Time: 0.084s
test05: Accepted. Time: 0.08s
test06: Accepted. Time: 0.087s
test07: Wrong Answer. Time: 0.085s
test08: Wrong Answer. Time: 0.072s
test09: Accepted. Time: 0.102s
test10: Wrong Answer. Time: 0.082s
test11: Accepted. Time: 0.085s
test12: Wrong Answer. Time: 0.101s
test13: Accepted. Time: 0.092s
test14: Accepted. Time: 0.091s
test15: Wrong Answer. Time: 0.083s
test16: Wrong Answer. Time: 0.106s
test17: Wrong Answer. Time: 0.095s
test18: Accepted. Time: 0.09s
test19: Accepted. Time: 0.094s
test20: Wrong Answer. Time: 0.078s
