8.5
Max time: 83
Max memory: 75
test01: Accepted. Time: 0.083s
test02: Accepted. Time: 0.031s
test03: Accepted. Time: 0.051s
test04: Accepted. Time: 0.031s
test05: Wrong Answer. Time: 0.047s
test06: Accepted. Time: 0.035s
test07: Accepted. Time: 0.031s
test08: Accepted. Time: 0.052s
test09: Wrong Answer. Time: 0.047s
test10: Accepted. Time: 0.047s
test11: Accepted. Time: 0.035s
test12: Accepted. Time: 0.047s
test13: Accepted. Time: 0.037s
test14: Accepted. Time: 0.048s
test15: Accepted. Time: 0.053s
test16: Accepted. Time: 0.031s
test17: Accepted. Time: 0.056s
test18: Accepted. Time: 0.041s
test19: Wrong Answer. Time: 0.044s
test20: Accepted. Time: 0.036s
