2.5
Max time: 103
Max memory: 97
test01: Wrong Answer. Time: 0.102s
test02: Accepted. Time: 0.047s
test03: Wrong Answer. Time: 0.102s
test04: Accepted. Time: 0.04s
test05: Accepted. Time: 0.055s
test06: Wrong Answer. Time: 0.04s
test07: Wrong Answer. Time: 0.031s
test08: Accepted. Time: 0.055s
test09: Wrong Answer. Time: 0.042s
test10: Wrong Answer. Time: 0.071s
test11: Wrong Answer. Time: 0.058s
test12: Wrong Answer. Time: 0.046s
test13: Wrong Answer. Time: 0.052s
test14: Wrong Answer. Time: 0.052s
test15: Accepted. Time: 0.051s
test16: Wrong Answer. Time: 0.053s
test17: Wrong Answer. Time: 0.053s
test18: Wrong Answer. Time: 0.05s
test19: Wrong Answer. Time: 0.057s
test20: Wrong Answer. Time: 0.052s
