0.5
Max time: 94
Max memory: 95
test01: Wrong Answer. Time: 0.094s
test02: Wrong Answer. Time: 0.051s
test03: Wrong Answer. Time: 0.046s
test04: Wrong Answer. Time: 0.053s
test05: Wrong Answer. Time: 0.051s
test06: Wrong Answer. Time: 0.046s
test07: Wrong Answer. Time: 0.046s
test08: Wrong Answer. Time: 0.046s
test09: Wrong Answer. Time: 0.047s
test10: Wrong Answer. Time: 0.049s
test11: Accepted. Time: 0.048s
test12: Wrong Answer. Time: 0.049s
test13: Wrong Answer. Time: 0.044s
test14: Wrong Answer. Time: 0.046s
test15: Wrong Answer. Time: 0.045s
test16: Wrong Answer. Time: 0.046s
test17: Wrong Answer. Time: 0.047s
test18: Wrong Answer. Time: 0.047s
test19: Wrong Answer. Time: 0.046s
test20: Wrong Answer. Time: 0.05s
