9.5
Max time: 4099
Max memory: 96
test01: Wrong Answer. Time: 4.099s
test02: Accepted. Time: 0.041s
test03: Accepted. Time: 0.038s
test04: Accepted. Time: 0.038s
test05: Accepted. Time: 0.038s
test06: Accepted. Time: 0.044s
test07: Accepted. Time: 0.045s
test08: Accepted. Time: 0.041s
test09: Accepted. Time: 0.037s
test10: Accepted. Time: 0.038s
test11: Accepted. Time: 0.348s
test12: Accepted. Time: 0.428s
test13: Accepted. Time: 0.212s
test14: Accepted. Time: 0.208s
test15: Accepted. Time: 0.181s
test16: Accepted. Time: 0.177s
test17: Accepted. Time: 0.319s
test18: Accepted. Time: 0.221s
test19: Accepted. Time: 0.419s
test20: Accepted. Time: 0.5s
