1.5
Max time: 101
Max memory: 75
test01: Wrong Answer. Time: 0.101s
test02: Accepted. Time: 0.066s
test03: Accepted. Time: 0.048s
test04: Accepted. Time: 0.053s
test05: Wrong Answer. Time: 0.043s
test06: Wrong Answer. Time: 0.052s
test07: Wrong Answer. Time: 0.049s
test08: Wrong Answer. Time: 0.051s
test09: Wrong Answer. Time: 0.034s
test10: Wrong Answer. Time: 0.052s
test11: Wrong Answer. Time: 0.043s
test12: Wrong Answer. Time: 0.052s
test13: Wrong Answer. Time: 0.03s
test14: Wrong Answer. Time: 0.046s
test15: Wrong Answer. Time: 0.041s
test16: Wrong Answer. Time: 0.026s
test17: Wrong Answer. Time: 0.047s
test18: Wrong Answer. Time: 0.038s
test19: Wrong Answer. Time: 0.047s
test20: Wrong Answer. Time: 0.043s
