5.0
Max time: 28
Max memory: 132
test01: Accepted. Time: 0.028s
test02: Accepted. Time: 0.022s
test03: Accepted. Time: 0.022s
test04: Accepted. Time: 0.023s
test05: Accepted. Time: 0.022s
test06: Accepted. Time: 0.022s
test07: Accepted. Time: 0.023s
test08: Accepted. Time: 0.023s
test09: Accepted. Time: 0.022s
test10: Accepted. Time: 0.022s
test11: Wrong Answer. Time: 0.022s
test12: Wrong Answer. Time: 0.022s
test13: Wrong Answer. Time: 0.021s
test14: Wrong Answer. Time: 0.022s
test15: Wrong Answer. Time: 0.021s
test16: Wrong Answer. Time: 0.022s
test17: Wrong Answer. Time: 0.021s
test18: Wrong Answer. Time: 0.021s
test19: Wrong Answer. Time: 0.022s
test20: Wrong Answer. Time: 0.022s
