2.5
Max time: 68
Max memory: 49
test01: Wrong Answer. Time: 0.068s
test02: Accepted. Time: 0.047s
test03: Wrong Answer. Time: 0.038s
test04: Wrong Answer. Time: 0.047s
test05: Wrong Answer. Time: 0.05s
test06: Accepted. Time: 0.032s
test07: Wrong Answer. Time: 0.055s
test08: Wrong Answer. Time: 0.041s
test09: Wrong Answer. Time: 0.047s
test10: Accepted. Time: 0.033s
test11: Wrong Answer. Time: 0.047s
test12: Wrong Answer. Time: 0.054s
test13: Wrong Answer. Time: 0.053s
test14: Wrong Answer. Time: 0.043s
test15: Accepted. Time: 0.053s
test16: Wrong Answer. Time: 0.043s
test17: Wrong Answer. Time: 0.05s
test18: Accepted. Time: 0.029s
test19: Wrong Answer. Time: 0.047s
test20: Wrong Answer. Time: 0.036s
