9.5
Max time: 35
Max memory: 58
test01: Accepted. Time: 0.034s
test02: Accepted. Time: 0.027s
test03: Accepted. Time: 0.027s
test04: Accepted. Time: 0.026s
test05: Accepted. Time: 0.028s
test06: Accepted. Time: 0.024s
test07: Accepted. Time: 0.026s
test08: Accepted. Time: 0.026s
test09: Accepted. Time: 0.026s
test10: Accepted. Time: 0.024s
test11: Accepted. Time: 0.024s
test12: Accepted. Time: 0.024s
test13: Accepted. Time: 0.023s
test14: Accepted. Time: 0.024s
test15: Accepted. Time: 0.023s
test16: Accepted. Time: 0.023s
test17: Accepted. Time: 0.024s
test18: Accepted. Time: 0.024s
test19: Accepted. Time: 0.023s
test20: Wrong Answer. Time: 0.024s
